c:\users\dpali\documents\cse 3150\honors project\honors project\honors project\x64\debug\vc143.pdb
c:\users\dpali\documents\cse 3150\honors project\honors project\honors project\x64\debug\vc143.idb
c:\users\dpali\documents\cse 3150\honors project\honors project\honors project\x64\debug\startmenu.obj
c:\users\dpali\documents\cse 3150\honors project\honors project\honors project\x64\debug\source.obj
c:\users\dpali\documents\cse 3150\honors project\honors project\honors project\x64\debug\player.obj
c:\users\dpali\documents\cse 3150\honors project\honors project\honors project\x64\debug\backgroundsupport.obj
c:\users\dpali\documents\cse 3150\honors project\honors project\honors project\x64\debug\nonplayercharacter.obj
c:\users\dpali\documents\cse 3150\honors project\honors project\honors project\x64\debug\gameoverscreen.obj
c:\users\dpali\documents\cse 3150\honors project\honors project\honors project\x64\debug\npcmanager.obj
c:\users\dpali\documents\cse 3150\honors project\honors project\honors project\x64\debug\items.obj
c:\users\dpali\documents\cse 3150\honors project\honors project\x64\debug\honors project.exe
c:\users\dpali\documents\cse 3150\honors project\honors project\honors project\x64\debug\honors project.ilk
c:\users\dpali\documents\cse 3150\honors project\honors project\x64\debug\honors project.pdb
c:\users\dpali\documents\cse 3150\honors project\honors project\honors project\x64\debug\abstractcharacter.obj
c:\users\dpali\documents\cse 3150\honors project\honors project\honors project\x64\debug\nonplayercharacter.obj.enc
c:\users\dpali\documents\cse 3150\honors project\honors project\honors project\x64\debug\npcmanager.obj.enc
c:\users\dpali\documents\cse 3150\honors project\honors project\honors project\x64\debug\player.obj.enc
c:\users\dpali\documents\cse 3150\honors project\honors project\honors project\x64\debug\source.obj.enc
c:\users\dpali\documents\cse 3150\honors project\honors project\honors project\x64\debug\honors project.tlog\cl.command.1.tlog
c:\users\dpali\documents\cse 3150\honors project\honors project\honors project\x64\debug\honors project.tlog\cl.read.1.tlog
c:\users\dpali\documents\cse 3150\honors project\honors project\honors project\x64\debug\honors project.tlog\cl.write.1.tlog
c:\users\dpali\documents\cse 3150\honors project\honors project\honors project\x64\debug\honors project.tlog\link.30984-cvtres.read.1.tlog
c:\users\dpali\documents\cse 3150\honors project\honors project\honors project\x64\debug\honors project.tlog\link.30984-cvtres.write.1.tlog
c:\users\dpali\documents\cse 3150\honors project\honors project\honors project\x64\debug\honors project.tlog\link.30984-rc.read.1.tlog
c:\users\dpali\documents\cse 3150\honors project\honors project\honors project\x64\debug\honors project.tlog\link.30984-rc.write.1.tlog
c:\users\dpali\documents\cse 3150\honors project\honors project\honors project\x64\debug\honors project.tlog\link.30984.read.1.tlog
c:\users\dpali\documents\cse 3150\honors project\honors project\honors project\x64\debug\honors project.tlog\link.30984.read.2.tlog
c:\users\dpali\documents\cse 3150\honors project\honors project\honors project\x64\debug\honors project.tlog\link.30984.write.1.tlog
c:\users\dpali\documents\cse 3150\honors project\honors project\honors project\x64\debug\honors project.tlog\link.command.1.tlog
c:\users\dpali\documents\cse 3150\honors project\honors project\honors project\x64\debug\honors project.tlog\link.read.1.tlog
c:\users\dpali\documents\cse 3150\honors project\honors project\honors project\x64\debug\honors project.tlog\link.write.1.tlog
